[2024-02-03 20:02:02,486] multiqc                                            [DEBUG  ]  This is MultiQC v1.19
[2024-02-03 20:02:02,487] multiqc                                            [DEBUG  ]  Command used: /Users/guillem/miniconda/envs/rnaseq/bin/multiqc -d .
[2024-02-03 20:02:02,792] multiqc                                            [DEBUG  ]  Latest MultiQC version is v1.19
[2024-02-03 20:02:02,793] multiqc                                            [DEBUG  ]  Working dir : /Users/guillem/Library/CloudStorage/OneDrive-PennO365/Documents/PhD/1st Year/UPenn/Spring/CAMB 7140/course_dataset/raw_data
[2024-02-03 20:02:02,793] multiqc                                            [DEBUG  ]  Template    : default
[2024-02-03 20:02:02,793] multiqc                                            [DEBUG  ]  Running Python 3.11.7 | packaged by conda-forge | (main, Dec 23 2023, 14:38:52) [Clang 16.0.6 ]
[2024-02-03 20:02:02,793] multiqc                                            [INFO   ]  Prepending directory to sample names
[2024-02-03 20:02:02,794] multiqc                                            [DEBUG  ]  Analysing modules: custom_content, ccs, ngsderive, purple, conpair, lima, peddy, somalier, methylQA, mosdepth, phantompeakqualtools, qualimap, preseq, hifiasm, quast, qorts, rna_seqc, rockhopper, rsem, rseqc, busco, bustools, goleft_indexcov, gffcompare, disambiguate, supernova, deeptools, sargasso, verifybamid, mirtrace, happy, mirtop, sambamba, gopeaks, homer, hops, macs2, theta2, snpeff, gatk, htseq, bcftools, featureCounts, fgbio, dragen, dragen_fastqc, dedup, pbmarkdup, damageprofiler, mapdamage, biobambam2, jcvi, mtnucratio, picard, vep, bakta, prokka, qc3C, nanostat, samblaster, samtools, sexdeterrmine, seqera_cli, eigenstratdatabasetools, bamtools, jellyfish, vcftools, longranger, stacks, varscan2, snippy, umitools, truvari, bbmap, bismark, biscuit, diamond, hicexplorer, hicup, hicpro, salmon, kallisto, slamdunk, star, hisat2, tophat, bowtie2, bowtie1, cellranger, snpsplit, odgi, pangolin, nextclade, freyja, humid, kat, leehom, librarian, adapterRemoval, bbduk, clipandmerge, cutadapt, flexbar, sourmash, kaiju, bracken, kraken, malt, motus, trimmomatic, sickle, skewer, sortmerna, biobloomtools, fastq_screen, afterqc, fastp, fastqc, filtlong, prinseqplusplus, pychopper, porechop, pycoqc, minionqc, anglerfish, multivcfanalyzer, clusterflow, checkqc, bcl2fastq, bclconvert, interop, ivar, flash, seqyclean, optitype, whatshap, xenome, xengsort
[2024-02-03 20:02:02,795] multiqc                                            [DEBUG  ]  Using temporary directory for creating report: /var/folders/rj/d3f66p857wd45qqn4l1lwckh0000gn/T/tmpdrjfxsap
[2024-02-03 20:02:02,797] multiqc                                            [INFO   ]  Search path : /Users/guillem/Library/CloudStorage/OneDrive-PennO365/Documents/PhD/1st Year/UPenn/Spring/CAMB 7140/course_dataset/raw_data
[2024-02-03 20:02:03,249] multiqc                                            [DEBUG  ]  Summary of files that were skipped by the search: [skipped_file_contents_search_errors: 890] // [skipped_module_specific_max_filesize: 456] // [skipped_no_match: 56] // [skipped_ignore_pattern: 13] // [skipped_filesize_limit: 1]
[2024-02-03 20:02:04,097] multiqc.plots.bargraph                             [DEBUG  ]  Using matplotlib version 3.8.2
[2024-02-03 20:02:04,098] multiqc.plots.linegraph                            [DEBUG  ]  Using matplotlib version 3.8.2
[2024-02-03 20:02:04,099] multiqc                                            [DEBUG  ]  No samples found: custom_content
[2024-02-03 20:02:04,103] multiqc.modules.kallisto.kallisto                  [INFO   ]  Found 10 reports
[2024-02-03 20:02:04,137] multiqc.modules.fastqc.fastqc                      [INFO   ]  Found 11 reports
[2024-02-03 20:02:04,184] multiqc.utils.software_versions                    [DEBUG  ]  Reading software versions from config.software_versions
[2024-02-03 20:02:04,198] multiqc                                            [DEBUG  ]  Compressing plot data
[2024-02-03 20:02:04,379] multiqc                                            [INFO   ]  Report      : multiqc_report.html
[2024-02-03 20:02:04,379] multiqc                                            [INFO   ]  Data        : multiqc_data
[2024-02-03 20:02:04,379] multiqc                                            [DEBUG  ]  Moving data file from '/var/folders/rj/d3f66p857wd45qqn4l1lwckh0000gn/T/tmpdrjfxsap/multiqc_data' to '/Users/guillem/Library/CloudStorage/OneDrive-PennO365/Documents/PhD/1st Year/UPenn/Spring/CAMB 7140/course_dataset/raw_data/multiqc_data'
[2024-02-03 20:02:04,383] multiqc                                            [DEBUG  ]  Full report path: /Users/guillem/Library/CloudStorage/OneDrive-PennO365/Documents/PhD/1st Year/UPenn/Spring/CAMB 7140/course_dataset/raw_data/multiqc_report.html
[2024-02-03 20:02:04,471] multiqc                                            [INFO   ]  MultiQC complete
